<?xml version="1.0" encoding="UTF-8"?>
<!-- Generated by org.testng.reporters.JUnitXMLReporter -->
<testsuite ignored="0" hostname="DESKTOP-3ABFPSG" failures="0" tests="6" name="Default test" time="15.621" errors="0" timestamp="2022-11-22T22:43:38 EET">
  <testcase classname="Nagwa.Maven.Chrome" name="chooseLang" time="0.78"/>
  <testcase classname="Nagwa.Maven.Chrome" name="searchNagwalessons" time="1.321"/>
  <testcase classname="Nagwa.Maven.Chrome" name="searchAdditionessons" time="1.421"/>
  <testcase classname="Nagwa.Maven.Chrome" name="chooseSecondNagwalesson" time="3.053"/>
  <testcase classname="Nagwa.Maven.Chrome" name="chooseworksheet" time="2.865"/>
  <testcase classname="Nagwa.Maven.Chrome" name="countworksheet" time="0.065"/>
</testsuite> <!-- Default test -->
